0 silly argv {
0 silly argv   _: [ 'create' ],
0 silly argv   lernaVersion: '3.20.2',
0 silly argv   '$0': 'lerna',
0 silly argv   name: 'core'
0 silly argv }
1 notice cli v3.20.2
2 verbose rootPath /Users/chance/Projects/lernaexp
3 warn ENOREMOTE No git remote found, skipping repository property
4 error TypeError: Cannot read property 'trim' of undefined
4 error     at module.exports (/usr/local/lib/node_modules/lerna/node_modules/validate-npm-package-license/index.js:60:20)
4 error     at /usr/local/lib/node_modules/lerna/node_modules/@lerna/create/lib/lerna-module-data.js:140:19
4 error     at PromZard.<anonymous> (/usr/local/lib/node_modules/lerna/node_modules/promzard/promzard.js:226:19)
4 error     at onError (/usr/local/lib/node_modules/lerna/node_modules/read/lib/read.js:94:12)
4 error     at Interface.<anonymous> (/usr/local/lib/node_modules/lerna/node_modules/read/lib/read.js:66:5)
4 error     at Interface.emit (events.js:315:20)
4 error     at Interface._ttyWrite (readline.js:873:16)
4 error     at ReadStream.onkeypress (readline.js:213:10)
4 error     at ReadStream.emit (events.js:315:20)
4 error     at emitKeys (internal/readline/utils.js:335:14)
4 error     at emitKeys.next (<anonymous>)
4 error     at ReadStream.onData (readline.js:1140:36)
4 error     at ReadStream.emit (events.js:315:20)
4 error     at addChunk (_stream_readable.js:300:12)
4 error     at readableAddChunk (_stream_readable.js:276:9)
